<?xml version="1.0" encoding="UTF-8"?>
<!-- Generated by org.testng.reporters.JUnitReportReporter -->
<testsuite hostname="DESKTOP-UF371UU" failures="0" tests="4" name="apiTesting.FreeMind" time="0.010" errors="0" timestamp="2022-09-21T10:02:30 ICT" skipped="0">
  <testcase classname="apiTesting.FreeMind" name="pub" time="0.002"/>
  <system-out/>
  <testcase classname="apiTesting.FreeMind" name="aa" time="0.006"/>
  <system-out/>
  <testcase classname="apiTesting.FreeMind" name="pub1" time="0.001"/>
  <system-out/>
  <testcase classname="apiTesting.FreeMind" name="abc" time="0.001"/>
  <system-out/>
</testsuite> <!-- apiTesting.FreeMind -->
